Determining if the Q_WS_WIN exist failed with the following output:
Change Dir: /home/sci/nfanjat/Documents/Depot/Skull_Stripping/Skull_Stripping/bin/CMakeFiles/CMakeTmp

Run Build Command:/usr/bin/gmake "cmTryCompileExec3656008288/fast"
/usr/bin/gmake -f CMakeFiles/cmTryCompileExec3656008288.dir/build.make CMakeFiles/cmTryCompileExec3656008288.dir/build
gmake[1]: Entering directory `/home/sci/nfanjat/Documents/Depot/Skull_Stripping/Skull_Stripping/bin/CMakeFiles/CMakeTmp'
/usr/bin/cmake -E cmake_progress_report /home/sci/nfanjat/Documents/Depot/Skull_Stripping/Skull_Stripping/bin/CMakeFiles/CMakeTmp/CMakeFiles 1
Building CXX object CMakeFiles/cmTryCompileExec3656008288.dir/CheckSymbolExists.cxx.o
/usr/bin/c++    -msse2     -o CMakeFiles/cmTryCompileExec3656008288.dir/CheckSymbolExists.cxx.o -c /home/sci/nfanjat/Documents/Depot/Skull_Stripping/Skull_Stripping/bin/CMakeFiles/CMakeTmp/CheckSymbolExists.cxx
/home/sci/nfanjat/Documents/Depot/Skull_Stripping/Skull_Stripping/bin/CMakeFiles/CMakeTmp/CheckSymbolExists.cxx: In function ‘int main(int, char**)’:
/home/sci/nfanjat/Documents/Depot/Skull_Stripping/Skull_Stripping/bin/CMakeFiles/CMakeTmp/CheckSymbolExists.cxx:8:19: error: ‘Q_WS_WIN’ was not declared in this scope
gmake[1]: *** [CMakeFiles/cmTryCompileExec3656008288.dir/CheckSymbolExists.cxx.o] Error 1
gmake[1]: Leaving directory `/home/sci/nfanjat/Documents/Depot/Skull_Stripping/Skull_Stripping/bin/CMakeFiles/CMakeTmp'
gmake: *** [cmTryCompileExec3656008288/fast] Error 2

File /home/sci/nfanjat/Documents/Depot/Skull_Stripping/Skull_Stripping/bin/CMakeFiles/CMakeTmp/CheckSymbolExists.cxx:
/* */
#include <QtCore/qglobal.h>

int main(int argc, char** argv)
{
  (void)argv;
#ifndef Q_WS_WIN
  return ((int*)(&Q_WS_WIN))[argc];
#else
  (void)argc;
  return 0;
#endif
}

Determining if the Q_WS_QWS exist failed with the following output:
Change Dir: /home/sci/nfanjat/Documents/Depot/Skull_Stripping/Skull_Stripping/bin/CMakeFiles/CMakeTmp

Run Build Command:/usr/bin/gmake "cmTryCompileExec3758421073/fast"
/usr/bin/gmake -f CMakeFiles/cmTryCompileExec3758421073.dir/build.make CMakeFiles/cmTryCompileExec3758421073.dir/build
gmake[1]: Entering directory `/home/sci/nfanjat/Documents/Depot/Skull_Stripping/Skull_Stripping/bin/CMakeFiles/CMakeTmp'
/usr/bin/cmake -E cmake_progress_report /home/sci/nfanjat/Documents/Depot/Skull_Stripping/Skull_Stripping/bin/CMakeFiles/CMakeTmp/CMakeFiles 1
Building CXX object CMakeFiles/cmTryCompileExec3758421073.dir/CheckSymbolExists.cxx.o
/usr/bin/c++    -msse2     -o CMakeFiles/cmTryCompileExec3758421073.dir/CheckSymbolExists.cxx.o -c /home/sci/nfanjat/Documents/Depot/Skull_Stripping/Skull_Stripping/bin/CMakeFiles/CMakeTmp/CheckSymbolExists.cxx
/home/sci/nfanjat/Documents/Depot/Skull_Stripping/Skull_Stripping/bin/CMakeFiles/CMakeTmp/CheckSymbolExists.cxx: In function ‘int main(int, char**)’:
/home/sci/nfanjat/Documents/Depot/Skull_Stripping/Skull_Stripping/bin/CMakeFiles/CMakeTmp/CheckSymbolExists.cxx:8:19: error: ‘Q_WS_QWS’ was not declared in this scope
gmake[1]: *** [CMakeFiles/cmTryCompileExec3758421073.dir/CheckSymbolExists.cxx.o] Error 1
gmake[1]: Leaving directory `/home/sci/nfanjat/Documents/Depot/Skull_Stripping/Skull_Stripping/bin/CMakeFiles/CMakeTmp'
gmake: *** [cmTryCompileExec3758421073/fast] Error 2

File /home/sci/nfanjat/Documents/Depot/Skull_Stripping/Skull_Stripping/bin/CMakeFiles/CMakeTmp/CheckSymbolExists.cxx:
/* */
#include <QtCore/qglobal.h>

int main(int argc, char** argv)
{
  (void)argv;
#ifndef Q_WS_QWS
  return ((int*)(&Q_WS_QWS))[argc];
#else
  (void)argc;
  return 0;
#endif
}

Determining if the Q_WS_MAC exist failed with the following output:
Change Dir: /home/sci/nfanjat/Documents/Depot/Skull_Stripping/Skull_Stripping/bin/CMakeFiles/CMakeTmp

Run Build Command:/usr/bin/gmake "cmTryCompileExec1072365489/fast"
/usr/bin/gmake -f CMakeFiles/cmTryCompileExec1072365489.dir/build.make CMakeFiles/cmTryCompileExec1072365489.dir/build
gmake[1]: Entering directory `/home/sci/nfanjat/Documents/Depot/Skull_Stripping/Skull_Stripping/bin/CMakeFiles/CMakeTmp'
/usr/bin/cmake -E cmake_progress_report /home/sci/nfanjat/Documents/Depot/Skull_Stripping/Skull_Stripping/bin/CMakeFiles/CMakeTmp/CMakeFiles 1
Building CXX object CMakeFiles/cmTryCompileExec1072365489.dir/CheckSymbolExists.cxx.o
/usr/bin/c++    -msse2     -o CMakeFiles/cmTryCompileExec1072365489.dir/CheckSymbolExists.cxx.o -c /home/sci/nfanjat/Documents/Depot/Skull_Stripping/Skull_Stripping/bin/CMakeFiles/CMakeTmp/CheckSymbolExists.cxx
/home/sci/nfanjat/Documents/Depot/Skull_Stripping/Skull_Stripping/bin/CMakeFiles/CMakeTmp/CheckSymbolExists.cxx: In function ‘int main(int, char**)’:
/home/sci/nfanjat/Documents/Depot/Skull_Stripping/Skull_Stripping/bin/CMakeFiles/CMakeTmp/CheckSymbolExists.cxx:8:19: error: ‘Q_WS_MAC’ was not declared in this scope
gmake[1]: *** [CMakeFiles/cmTryCompileExec1072365489.dir/CheckSymbolExists.cxx.o] Error 1
gmake[1]: Leaving directory `/home/sci/nfanjat/Documents/Depot/Skull_Stripping/Skull_Stripping/bin/CMakeFiles/CMakeTmp'
gmake: *** [cmTryCompileExec1072365489/fast] Error 2

File /home/sci/nfanjat/Documents/Depot/Skull_Stripping/Skull_Stripping/bin/CMakeFiles/CMakeTmp/CheckSymbolExists.cxx:
/* */
#include <QtCore/qglobal.h>

int main(int argc, char** argv)
{
  (void)argv;
#ifndef Q_WS_MAC
  return ((int*)(&Q_WS_MAC))[argc];
#else
  (void)argc;
  return 0;
#endif
}

